{"C:\\test\\b\\app.js": {"path":"C:\\test\\b\\app.js","statementMap":{"0":{"start":{"line":1,"column":12},"end":{"line":1,"column":30}},"1":{"start":{"line":2,"column":13},"end":{"line":2,"column":32}},"2":{"start":{"line":3,"column":9},"end":{"line":3,"column":24}},"3":{"start":{"line":4,"column":8},"end":{"line":4,"column":17}},"4":{"start":{"line":6,"column":19},"end":{"line":6,"column":61}},"5":{"start":{"line":7,"column":19},"end":{"line":7,"column":61}},"6":{"start":{"line":9,"column":20},"end":{"line":9,"column":64}},"7":{"start":{"line":10,"column":11},"end":{"line":10,"column":30}},"8":{"start":{"line":11,"column":0},"end":{"line":11,"column":21}},"9":{"start":{"line":12,"column":0},"end":{"line":12,"column":16}},"10":{"start":{"line":13,"column":18},"end":{"line":13,"column":47}},"11":{"start":{"line":14,"column":18},"end":{"line":14,"column":43}},"12":{"start":{"line":16,"column":0},"end":{"line":16,"column":32}},"13":{"start":{"line":17,"column":0},"end":{"line":17,"column":32}},"14":{"start":{"line":19,"column":0},"end":{"line":19,"column":34}},"15":{"start":{"line":20,"column":0},"end":{"line":20,"column":57}},"16":{"start":{"line":21,"column":0},"end":{"line":21,"column":72}},"17":{"start":{"line":22,"column":0},"end":{"line":22,"column":139}},"18":{"start":{"line":23,"column":9},"end":{"line":23,"column":28}},"19":{"start":{"line":24,"column":0},"end":{"line":24,"column":62}},"20":{"start":{"line":25,"column":0},"end":{"line":31,"column":2}},"21":{"start":{"line":26,"column":4},"end":{"line":26,"column":39}},"22":{"start":{"line":27,"column":4},"end":{"line":29,"column":6}},"23":{"start":{"line":28,"column":8},"end":{"line":28,"column":75}},"24":{"start":{"line":32,"column":0},"end":{"line":32,"column":21}}},"fnMap":{"0":{"name":"(anonymous_0)","decl":{"start":{"line":25,"column":15},"end":{"line":25,"column":16}},"loc":{"start":{"line":25,"column":25},"end":{"line":31,"column":1}},"line":25},"1":{"name":"(anonymous_1)","decl":{"start":{"line":27,"column":31},"end":{"line":27,"column":32}},"loc":{"start":{"line":27,"column":41},"end":{"line":29,"column":5}},"line":27}},"branchMap":{},"s":{"0":1,"1":1,"2":1,"3":1,"4":1,"5":1,"6":1,"7":1,"8":1,"9":1,"10":1,"11":1,"12":1,"13":1,"14":1,"15":1,"16":1,"17":1,"18":1,"19":1,"20":1,"21":1,"22":1,"23":1,"24":1},"f":{"0":1,"1":1},"b":{},"_coverageSchema":"1a1c01bbd47fc00a2c39e90264f33305004495a9","hash":"5f644c9909a09a0937ee64e5cfbd4c38e1a1e901"}
,"C:\\test\\b\\Config\\index.js": {"path":"C:\\test\\b\\Config\\index.js","statementMap":{"0":{"start":{"line":1,"column":11},"end":{"line":1,"column":35}},"1":{"start":{"line":2,"column":0},"end":{"line":6,"column":1}},"2":{"start":{"line":4,"column":8},"end":{"line":4,"column":59}}},"fnMap":{"0":{"name":"(anonymous_0)","decl":{"start":{"line":3,"column":26},"end":{"line":3,"column":27}},"loc":{"start":{"line":3,"column":30},"end":{"line":5,"column":5}},"line":3}},"branchMap":{},"s":{"0":1,"1":1,"2":1},"f":{"0":1},"b":{},"_coverageSchema":"1a1c01bbd47fc00a2c39e90264f33305004495a9","hash":"b83a60b9505a1f20efdb44e6a81be1b5bc769f4d"}
,"C:\\test\\b\\Config\\secret.js": {"path":"C:\\test\\b\\Config\\secret.js","statementMap":{"0":{"start":{"line":1,"column":0},"end":{"line":3,"column":1}}},"fnMap":{},"branchMap":{},"s":{"0":1},"f":{},"b":{},"_coverageSchema":"1a1c01bbd47fc00a2c39e90264f33305004495a9","hash":"b6eb387a6fe7e6bb45d454b573d92944be4a41b7"}
,"C:\\test\\b\\Controllers\\bookController.js": {"path":"C:\\test\\b\\Controllers\\bookController.js","statementMap":{"0":{"start":{"line":1,"column":12},"end":{"line":1,"column":30}},"1":{"start":{"line":2,"column":15},"end":{"line":2,"column":37}},"2":{"start":{"line":3,"column":10},"end":{"line":3,"column":35}},"3":{"start":{"line":4,"column":13},"end":{"line":4,"column":42}},"4":{"start":{"line":5,"column":11},"end":{"line":5,"column":38}},"5":{"start":{"line":6,"column":15},"end":{"line":6,"column":32}},"6":{"start":{"line":7,"column":8},"end":{"line":7,"column":21}},"7":{"start":{"line":8,"column":11},"end":{"line":8,"column":27}},"8":{"start":{"line":9,"column":0},"end":{"line":9,"column":30}},"9":{"start":{"line":10,"column":0},"end":{"line":10,"column":52}},"10":{"start":{"line":11,"column":13},"end":{"line":18,"column":2}},"11":{"start":{"line":13,"column":8},"end":{"line":13,"column":30}},"12":{"start":{"line":16,"column":8},"end":{"line":16,"column":82}},"13":{"start":{"line":19,"column":17},"end":{"line":25,"column":1}},"14":{"start":{"line":20,"column":4},"end":{"line":24,"column":5}},"15":{"start":{"line":21,"column":8},"end":{"line":21,"column":22}},"16":{"start":{"line":23,"column":8},"end":{"line":23,"column":23}},"17":{"start":{"line":26,"column":15},"end":{"line":30,"column":2}},"18":{"start":{"line":31,"column":0},"end":{"line":39,"column":3}},"19":{"start":{"line":32,"column":8},"end":{"line":38,"column":57}},"20":{"start":{"line":33,"column":12},"end":{"line":37,"column":13}},"21":{"start":{"line":34,"column":16},"end":{"line":34,"column":60}},"22":{"start":{"line":36,"column":16},"end":{"line":36,"column":60}},"23":{"start":{"line":38,"column":24},"end":{"line":38,"column":55}},"24":{"start":{"line":41,"column":0},"end":{"line":49,"column":3}},"25":{"start":{"line":42,"column":4},"end":{"line":48,"column":6}},"26":{"start":{"line":43,"column":8},"end":{"line":47,"column":9}},"27":{"start":{"line":44,"column":12},"end":{"line":44,"column":27}},"28":{"start":{"line":46,"column":12},"end":{"line":46,"column":66}},"29":{"start":{"line":50,"column":0},"end":{"line":58,"column":3}},"30":{"start":{"line":51,"column":4},"end":{"line":57,"column":55}},"31":{"start":{"line":52,"column":8},"end":{"line":56,"column":9}},"32":{"start":{"line":53,"column":12},"end":{"line":53,"column":47}},"33":{"start":{"line":55,"column":12},"end":{"line":55,"column":48}},"34":{"start":{"line":57,"column":21},"end":{"line":57,"column":52}},"35":{"start":{"line":61,"column":0},"end":{"line":71,"column":3}},"36":{"start":{"line":62,"column":4},"end":{"line":68,"column":53}},"37":{"start":{"line":63,"column":8},"end":{"line":67,"column":9}},"38":{"start":{"line":64,"column":12},"end":{"line":64,"column":49}},"39":{"start":{"line":66,"column":11},"end":{"line":66,"column":67}},"40":{"start":{"line":68,"column":20},"end":{"line":68,"column":51}},"41":{"start":{"line":72,"column":0},"end":{"line":82,"column":3}},"42":{"start":{"line":73,"column":4},"end":{"line":79,"column":53}},"43":{"start":{"line":74,"column":8},"end":{"line":78,"column":9}},"44":{"start":{"line":75,"column":12},"end":{"line":75,"column":49}},"45":{"start":{"line":77,"column":11},"end":{"line":77,"column":65}},"46":{"start":{"line":79,"column":20},"end":{"line":79,"column":51}},"47":{"start":{"line":83,"column":0},"end":{"line":101,"column":3}},"48":{"start":{"line":84,"column":16},"end":{"line":92,"column":6}},"49":{"start":{"line":94,"column":4},"end":{"line":100,"column":51}},"50":{"start":{"line":95,"column":8},"end":{"line":99,"column":9}},"51":{"start":{"line":96,"column":12},"end":{"line":96,"column":36}},"52":{"start":{"line":98,"column":12},"end":{"line":98,"column":48}},"53":{"start":{"line":100,"column":18},"end":{"line":100,"column":49}},"54":{"start":{"line":102,"column":0},"end":{"line":114,"column":3}},"55":{"start":{"line":103,"column":4},"end":{"line":113,"column":51}},"56":{"start":{"line":104,"column":8},"end":{"line":111,"column":11}},"57":{"start":{"line":105,"column":12},"end":{"line":109,"column":13}},"58":{"start":{"line":106,"column":15},"end":{"line":106,"column":104}},"59":{"start":{"line":108,"column":16},"end":{"line":108,"column":48}},"60":{"start":{"line":113,"column":18},"end":{"line":113,"column":49}},"61":{"start":{"line":115,"column":0},"end":{"line":131,"column":2}},"62":{"start":{"line":116,"column":4},"end":{"line":129,"column":6}},"63":{"start":{"line":117,"column":8},"end":{"line":128,"column":9}},"64":{"start":{"line":118,"column":12},"end":{"line":118,"column":58}},"65":{"start":{"line":120,"column":28},"end":{"line":120,"column":64}},"66":{"start":{"line":121,"column":16},"end":{"line":127,"column":65}},"67":{"start":{"line":122,"column":20},"end":{"line":126,"column":21}},"68":{"start":{"line":123,"column":24},"end":{"line":123,"column":49}},"69":{"start":{"line":125,"column":24},"end":{"line":125,"column":61}},"70":{"start":{"line":127,"column":32},"end":{"line":127,"column":63}},"71":{"start":{"line":132,"column":0},"end":{"line":140,"column":2}},"72":{"start":{"line":133,"column":4},"end":{"line":139,"column":53}},"73":{"start":{"line":134,"column":8},"end":{"line":138,"column":9}},"74":{"start":{"line":135,"column":12},"end":{"line":135,"column":55}},"75":{"start":{"line":137,"column":12},"end":{"line":137,"column":59}},"76":{"start":{"line":139,"column":20},"end":{"line":139,"column":51}},"77":{"start":{"line":141,"column":0},"end":{"line":145,"column":3}},"78":{"start":{"line":142,"column":4},"end":{"line":144,"column":51}},"79":{"start":{"line":143,"column":8},"end":{"line":143,"column":33}},"80":{"start":{"line":144,"column":18},"end":{"line":144,"column":49}},"81":{"start":{"line":146,"column":0},"end":{"line":162,"column":2}},"82":{"start":{"line":147,"column":4},"end":{"line":160,"column":6}},"83":{"start":{"line":148,"column":8},"end":{"line":159,"column":9}},"84":{"start":{"line":149,"column":12},"end":{"line":149,"column":56}},"85":{"start":{"line":151,"column":26},"end":{"line":151,"column":133}},"86":{"start":{"line":152,"column":16},"end":{"line":158,"column":65}},"87":{"start":{"line":153,"column":20},"end":{"line":157,"column":21}},"88":{"start":{"line":154,"column":24},"end":{"line":154,"column":49}},"89":{"start":{"line":156,"column":24},"end":{"line":156,"column":61}},"90":{"start":{"line":158,"column":32},"end":{"line":158,"column":63}},"91":{"start":{"line":164,"column":0},"end":{"line":172,"column":2}},"92":{"start":{"line":165,"column":4},"end":{"line":171,"column":53}},"93":{"start":{"line":166,"column":8},"end":{"line":170,"column":9}},"94":{"start":{"line":167,"column":12},"end":{"line":167,"column":52}},"95":{"start":{"line":169,"column":12},"end":{"line":169,"column":56}},"96":{"start":{"line":171,"column":20},"end":{"line":171,"column":51}},"97":{"start":{"line":173,"column":0},"end":{"line":177,"column":3}},"98":{"start":{"line":174,"column":4},"end":{"line":176,"column":51}},"99":{"start":{"line":175,"column":8},"end":{"line":175,"column":33}},"100":{"start":{"line":176,"column":18},"end":{"line":176,"column":49}},"101":{"start":{"line":181,"column":0},"end":{"line":181,"column":22}}},"fnMap":{"0":{"name":"(anonymous_0)","decl":{"start":{"line":12,"column":17},"end":{"line":12,"column":18}},"loc":{"start":{"line":12,"column":38},"end":{"line":14,"column":5}},"line":12},"1":{"name":"(anonymous_1)","decl":{"start":{"line":15,"column":14},"end":{"line":15,"column":15}},"loc":{"start":{"line":15,"column":35},"end":{"line":17,"column":5}},"line":15},"2":{"name":"(anonymous_2)","decl":{"start":{"line":19,"column":17},"end":{"line":19,"column":18}},"loc":{"start":{"line":19,"column":32},"end":{"line":25,"column":1}},"line":19},"3":{"name":"(anonymous_3)","decl":{"start":{"line":31,"column":23},"end":{"line":31,"column":24}},"loc":{"start":{"line":31,"column":34},"end":{"line":39,"column":1}},"line":31},"4":{"name":"(anonymous_4)","decl":{"start":{"line":32,"column":28},"end":{"line":32,"column":29}},"loc":{"start":{"line":32,"column":37},"end":{"line":38,"column":9}},"line":32},"5":{"name":"(anonymous_5)","decl":{"start":{"line":38,"column":17},"end":{"line":38,"column":18}},"loc":{"start":{"line":38,"column":24},"end":{"line":38,"column":55}},"line":38},"6":{"name":"(anonymous_6)","decl":{"start":{"line":41,"column":28},"end":{"line":41,"column":29}},"loc":{"start":{"line":41,"column":39},"end":{"line":49,"column":1}},"line":41},"7":{"name":"(anonymous_7)","decl":{"start":{"line":42,"column":42},"end":{"line":42,"column":43}},"loc":{"start":{"line":42,"column":60},"end":{"line":48,"column":5}},"line":42},"8":{"name":"(anonymous_8)","decl":{"start":{"line":50,"column":30},"end":{"line":50,"column":31}},"loc":{"start":{"line":50,"column":41},"end":{"line":58,"column":1}},"line":50},"9":{"name":"(anonymous_9)","decl":{"start":{"line":51,"column":44},"end":{"line":51,"column":45}},"loc":{"start":{"line":51,"column":52},"end":{"line":57,"column":5}},"line":51},"10":{"name":"(anonymous_10)","decl":{"start":{"line":57,"column":13},"end":{"line":57,"column":14}},"loc":{"start":{"line":57,"column":20},"end":{"line":57,"column":53}},"line":57},"11":{"name":"(anonymous_11)","decl":{"start":{"line":61,"column":42},"end":{"line":61,"column":43}},"loc":{"start":{"line":61,"column":53},"end":{"line":71,"column":1}},"line":61},"12":{"name":"(anonymous_12)","decl":{"start":{"line":62,"column":52},"end":{"line":62,"column":53}},"loc":{"start":{"line":62,"column":61},"end":{"line":68,"column":5}},"line":62},"13":{"name":"(anonymous_13)","decl":{"start":{"line":68,"column":13},"end":{"line":68,"column":14}},"loc":{"start":{"line":68,"column":20},"end":{"line":68,"column":51}},"line":68},"14":{"name":"(anonymous_14)","decl":{"start":{"line":72,"column":38},"end":{"line":72,"column":39}},"loc":{"start":{"line":72,"column":49},"end":{"line":82,"column":1}},"line":72},"15":{"name":"(anonymous_15)","decl":{"start":{"line":73,"column":48},"end":{"line":73,"column":49}},"loc":{"start":{"line":73,"column":57},"end":{"line":79,"column":5}},"line":73},"16":{"name":"(anonymous_16)","decl":{"start":{"line":79,"column":13},"end":{"line":79,"column":14}},"loc":{"start":{"line":79,"column":20},"end":{"line":79,"column":51}},"line":79},"17":{"name":"(anonymous_17)","decl":{"start":{"line":83,"column":49},"end":{"line":83,"column":50}},"loc":{"start":{"line":83,"column":60},"end":{"line":101,"column":1}},"line":83},"18":{"name":"(anonymous_18)","decl":{"start":{"line":94,"column":24},"end":{"line":94,"column":25}},"loc":{"start":{"line":94,"column":34},"end":{"line":100,"column":5}},"line":94},"19":{"name":"(anonymous_19)","decl":{"start":{"line":100,"column":13},"end":{"line":100,"column":14}},"loc":{"start":{"line":100,"column":18},"end":{"line":100,"column":49}},"line":100},"20":{"name":"(anonymous_20)","decl":{"start":{"line":102,"column":30},"end":{"line":102,"column":31}},"loc":{"start":{"line":102,"column":41},"end":{"line":114,"column":1}},"line":102},"21":{"name":"(anonymous_21)","decl":{"start":{"line":103,"column":54},"end":{"line":103,"column":55}},"loc":{"start":{"line":103,"column":62},"end":{"line":113,"column":5}},"line":103},"22":{"name":"(anonymous_22)","decl":{"start":{"line":104,"column":32},"end":{"line":104,"column":33}},"loc":{"start":{"line":104,"column":39},"end":{"line":111,"column":9}},"line":104},"23":{"name":"(anonymous_23)","decl":{"start":{"line":113,"column":13},"end":{"line":113,"column":14}},"loc":{"start":{"line":113,"column":18},"end":{"line":113,"column":49}},"line":113},"24":{"name":"(anonymous_24)","decl":{"start":{"line":115,"column":37},"end":{"line":115,"column":38}},"loc":{"start":{"line":115,"column":48},"end":{"line":131,"column":1}},"line":115},"25":{"name":"(anonymous_25)","decl":{"start":{"line":116,"column":54},"end":{"line":116,"column":55}},"loc":{"start":{"line":116,"column":64},"end":{"line":129,"column":5}},"line":116},"26":{"name":"(anonymous_26)","decl":{"start":{"line":121,"column":40},"end":{"line":121,"column":41}},"loc":{"start":{"line":121,"column":50},"end":{"line":127,"column":17}},"line":121},"27":{"name":"(anonymous_27)","decl":{"start":{"line":127,"column":25},"end":{"line":127,"column":26}},"loc":{"start":{"line":127,"column":32},"end":{"line":127,"column":63}},"line":127},"28":{"name":"(anonymous_28)","decl":{"start":{"line":132,"column":28},"end":{"line":132,"column":29}},"loc":{"start":{"line":132,"column":39},"end":{"line":140,"column":1}},"line":132},"29":{"name":"(anonymous_29)","decl":{"start":{"line":133,"column":27},"end":{"line":133,"column":28}},"loc":{"start":{"line":133,"column":37},"end":{"line":139,"column":5}},"line":133},"30":{"name":"(anonymous_30)","decl":{"start":{"line":139,"column":13},"end":{"line":139,"column":14}},"loc":{"start":{"line":139,"column":20},"end":{"line":139,"column":51}},"line":139},"31":{"name":"(anonymous_31)","decl":{"start":{"line":141,"column":34},"end":{"line":141,"column":35}},"loc":{"start":{"line":141,"column":45},"end":{"line":145,"column":1}},"line":141},"32":{"name":"(anonymous_32)","decl":{"start":{"line":142,"column":57},"end":{"line":142,"column":58}},"loc":{"start":{"line":142,"column":61},"end":{"line":144,"column":5}},"line":142},"33":{"name":"(anonymous_33)","decl":{"start":{"line":144,"column":13},"end":{"line":144,"column":14}},"loc":{"start":{"line":144,"column":18},"end":{"line":144,"column":49}},"line":144},"34":{"name":"(anonymous_34)","decl":{"start":{"line":146,"column":25},"end":{"line":146,"column":26}},"loc":{"start":{"line":146,"column":36},"end":{"line":162,"column":1}},"line":146},"35":{"name":"(anonymous_35)","decl":{"start":{"line":147,"column":46},"end":{"line":147,"column":47}},"loc":{"start":{"line":147,"column":56},"end":{"line":160,"column":5}},"line":147},"36":{"name":"(anonymous_36)","decl":{"start":{"line":152,"column":38},"end":{"line":152,"column":39}},"loc":{"start":{"line":152,"column":48},"end":{"line":158,"column":17}},"line":152},"37":{"name":"(anonymous_37)","decl":{"start":{"line":158,"column":25},"end":{"line":158,"column":26}},"loc":{"start":{"line":158,"column":32},"end":{"line":158,"column":63}},"line":158},"38":{"name":"(anonymous_38)","decl":{"start":{"line":164,"column":25},"end":{"line":164,"column":26}},"loc":{"start":{"line":164,"column":36},"end":{"line":172,"column":1}},"line":164},"39":{"name":"(anonymous_39)","decl":{"start":{"line":165,"column":25},"end":{"line":165,"column":26}},"loc":{"start":{"line":165,"column":35},"end":{"line":171,"column":5}},"line":165},"40":{"name":"(anonymous_40)","decl":{"start":{"line":171,"column":13},"end":{"line":171,"column":14}},"loc":{"start":{"line":171,"column":20},"end":{"line":171,"column":51}},"line":171},"41":{"name":"(anonymous_41)","decl":{"start":{"line":173,"column":32},"end":{"line":173,"column":33}},"loc":{"start":{"line":173,"column":43},"end":{"line":177,"column":1}},"line":173},"42":{"name":"(anonymous_42)","decl":{"start":{"line":174,"column":55},"end":{"line":174,"column":56}},"loc":{"start":{"line":174,"column":59},"end":{"line":176,"column":5}},"line":174},"43":{"name":"(anonymous_43)","decl":{"start":{"line":176,"column":13},"end":{"line":176,"column":14}},"loc":{"start":{"line":176,"column":18},"end":{"line":176,"column":49}},"line":176}},"branchMap":{"0":{"loc":{"start":{"line":20,"column":4},"end":{"line":24,"column":5}},"type":"if","locations":[{"start":{"line":20,"column":4},"end":{"line":24,"column":5}},{"start":{"line":20,"column":4},"end":{"line":24,"column":5}}],"line":20},"1":{"loc":{"start":{"line":20,"column":7},"end":{"line":20,"column":123}},"type":"binary-expr","locations":[{"start":{"line":20,"column":7},"end":{"line":20,"column":35}},{"start":{"line":20,"column":37},"end":{"line":20,"column":64}},{"start":{"line":20,"column":66},"end":{"line":20,"column":93}},{"start":{"line":20,"column":95},"end":{"line":20,"column":123}}],"line":20},"2":{"loc":{"start":{"line":33,"column":12},"end":{"line":37,"column":13}},"type":"if","locations":[{"start":{"line":33,"column":12},"end":{"line":37,"column":13}},{"start":{"line":33,"column":12},"end":{"line":37,"column":13}}],"line":33},"3":{"loc":{"start":{"line":43,"column":8},"end":{"line":47,"column":9}},"type":"if","locations":[{"start":{"line":43,"column":8},"end":{"line":47,"column":9}},{"start":{"line":43,"column":8},"end":{"line":47,"column":9}}],"line":43},"4":{"loc":{"start":{"line":52,"column":8},"end":{"line":56,"column":9}},"type":"if","locations":[{"start":{"line":52,"column":8},"end":{"line":56,"column":9}},{"start":{"line":52,"column":8},"end":{"line":56,"column":9}}],"line":52},"5":{"loc":{"start":{"line":63,"column":8},"end":{"line":67,"column":9}},"type":"if","locations":[{"start":{"line":63,"column":8},"end":{"line":67,"column":9}},{"start":{"line":63,"column":8},"end":{"line":67,"column":9}}],"line":63},"6":{"loc":{"start":{"line":74,"column":8},"end":{"line":78,"column":9}},"type":"if","locations":[{"start":{"line":74,"column":8},"end":{"line":78,"column":9}},{"start":{"line":74,"column":8},"end":{"line":78,"column":9}}],"line":74},"7":{"loc":{"start":{"line":95,"column":8},"end":{"line":99,"column":9}},"type":"if","locations":[{"start":{"line":95,"column":8},"end":{"line":99,"column":9}},{"start":{"line":95,"column":8},"end":{"line":99,"column":9}}],"line":95},"8":{"loc":{"start":{"line":105,"column":12},"end":{"line":109,"column":13}},"type":"if","locations":[{"start":{"line":105,"column":12},"end":{"line":109,"column":13}},{"start":{"line":105,"column":12},"end":{"line":109,"column":13}}],"line":105},"9":{"loc":{"start":{"line":117,"column":8},"end":{"line":128,"column":9}},"type":"if","locations":[{"start":{"line":117,"column":8},"end":{"line":128,"column":9}},{"start":{"line":117,"column":8},"end":{"line":128,"column":9}}],"line":117},"10":{"loc":{"start":{"line":122,"column":20},"end":{"line":126,"column":21}},"type":"if","locations":[{"start":{"line":122,"column":20},"end":{"line":126,"column":21}},{"start":{"line":122,"column":20},"end":{"line":126,"column":21}}],"line":122},"11":{"loc":{"start":{"line":134,"column":8},"end":{"line":138,"column":9}},"type":"if","locations":[{"start":{"line":134,"column":8},"end":{"line":138,"column":9}},{"start":{"line":134,"column":8},"end":{"line":138,"column":9}}],"line":134},"12":{"loc":{"start":{"line":148,"column":8},"end":{"line":159,"column":9}},"type":"if","locations":[{"start":{"line":148,"column":8},"end":{"line":159,"column":9}},{"start":{"line":148,"column":8},"end":{"line":159,"column":9}}],"line":148},"13":{"loc":{"start":{"line":153,"column":20},"end":{"line":157,"column":21}},"type":"if","locations":[{"start":{"line":153,"column":20},"end":{"line":157,"column":21}},{"start":{"line":153,"column":20},"end":{"line":157,"column":21}}],"line":153},"14":{"loc":{"start":{"line":166,"column":8},"end":{"line":170,"column":9}},"type":"if","locations":[{"start":{"line":166,"column":8},"end":{"line":170,"column":9}},{"start":{"line":166,"column":8},"end":{"line":170,"column":9}}],"line":166}},"s":{"0":1,"1":1,"2":1,"3":1,"4":1,"5":1,"6":1,"7":1,"8":1,"9":1,"10":1,"11":0,"12":0,"13":1,"14":0,"15":0,"16":0,"17":1,"18":1,"19":1,"20":1,"21":1,"22":0,"23":0,"24":1,"25":1,"26":1,"27":1,"28":0,"29":1,"30":2,"31":1,"32":1,"33":0,"34":1,"35":1,"36":2,"37":2,"38":0,"39":2,"40":0,"41":1,"42":1,"43":1,"44":0,"45":1,"46":0,"47":1,"48":1,"49":0,"50":0,"51":0,"52":0,"53":0,"54":1,"55":1,"56":1,"57":0,"58":0,"59":0,"60":1,"61":1,"62":3,"63":3,"64":2,"65":1,"66":1,"67":1,"68":1,"69":0,"70":0,"71":1,"72":1,"73":1,"74":1,"75":0,"76":0,"77":1,"78":2,"79":1,"80":1,"81":1,"82":3,"83":3,"84":1,"85":2,"86":2,"87":1,"88":1,"89":0,"90":1,"91":1,"92":1,"93":1,"94":1,"95":0,"96":0,"97":1,"98":2,"99":1,"100":1,"101":1},"f":{"0":0,"1":0,"2":0,"3":1,"4":1,"5":0,"6":1,"7":1,"8":2,"9":1,"10":1,"11":2,"12":2,"13":0,"14":1,"15":1,"16":0,"17":1,"18":0,"19":0,"20":1,"21":1,"22":0,"23":1,"24":3,"25":3,"26":1,"27":0,"28":1,"29":1,"30":0,"31":2,"32":1,"33":1,"34":3,"35":3,"36":1,"37":1,"38":1,"39":1,"40":0,"41":2,"42":1,"43":1},"b":{"0":[0,0],"1":[0,0,0,0],"2":[1,0],"3":[1,0],"4":[1,0],"5":[0,2],"6":[0,1],"7":[0,0],"8":[0,0],"9":[2,1],"10":[1,0],"11":[1,0],"12":[1,2],"13":[1,0],"14":[1,0]},"_coverageSchema":"1a1c01bbd47fc00a2c39e90264f33305004495a9","hash":"81371f4df36a9ce671c4c2403f64ccf6d2030673"}
,"C:\\test\\b\\Controllers\\ordersController.js": {"path":"C:\\test\\b\\Controllers\\ordersController.js","statementMap":{"0":{"start":{"line":1,"column":12},"end":{"line":1,"column":30}},"1":{"start":{"line":2,"column":15},"end":{"line":2,"column":37}},"2":{"start":{"line":3,"column":11},"end":{"line":3,"column":27}},"3":{"start":{"line":4,"column":11},"end":{"line":4,"column":41}},"4":{"start":{"line":5,"column":9},"end":{"line":5,"column":45}},"5":{"start":{"line":6,"column":0},"end":{"line":6,"column":30}},"6":{"start":{"line":7,"column":0},"end":{"line":7,"column":52}},"7":{"start":{"line":8,"column":0},"end":{"line":20,"column":3}},"8":{"start":{"line":9,"column":21},"end":{"line":9,"column":39}},"9":{"start":{"line":10,"column":18},"end":{"line":10,"column":80}},"10":{"start":{"line":11,"column":4},"end":{"line":18,"column":53}},"11":{"start":{"line":12,"column":8},"end":{"line":17,"column":9}},"12":{"start":{"line":13,"column":12},"end":{"line":13,"column":102}},"13":{"start":{"line":13,"column":69},"end":{"line":13,"column":100}},"14":{"start":{"line":14,"column":12},"end":{"line":14,"column":37}},"15":{"start":{"line":16,"column":12},"end":{"line":16,"column":38}},"16":{"start":{"line":18,"column":20},"end":{"line":18,"column":51}},"17":{"start":{"line":21,"column":0},"end":{"line":30,"column":3}},"18":{"start":{"line":22,"column":4},"end":{"line":29,"column":53}},"19":{"start":{"line":23,"column":8},"end":{"line":27,"column":9}},"20":{"start":{"line":24,"column":12},"end":{"line":24,"column":60}},"21":{"start":{"line":26,"column":12},"end":{"line":26,"column":38}},"22":{"start":{"line":29,"column":20},"end":{"line":29,"column":51}},"23":{"start":{"line":31,"column":0},"end":{"line":31,"column":22}}},"fnMap":{"0":{"name":"(anonymous_0)","decl":{"start":{"line":8,"column":26},"end":{"line":8,"column":27}},"loc":{"start":{"line":8,"column":37},"end":{"line":20,"column":1}},"line":8},"1":{"name":"(anonymous_1)","decl":{"start":{"line":11,"column":26},"end":{"line":11,"column":27}},"loc":{"start":{"line":11,"column":41},"end":{"line":18,"column":5}},"line":11},"2":{"name":"(anonymous_2)","decl":{"start":{"line":13,"column":64},"end":{"line":13,"column":65}},"loc":{"start":{"line":13,"column":69},"end":{"line":13,"column":100}},"line":13},"3":{"name":"(anonymous_3)","decl":{"start":{"line":18,"column":13},"end":{"line":18,"column":14}},"loc":{"start":{"line":18,"column":20},"end":{"line":18,"column":51}},"line":18},"4":{"name":"(anonymous_4)","decl":{"start":{"line":21,"column":27},"end":{"line":21,"column":28}},"loc":{"start":{"line":21,"column":38},"end":{"line":30,"column":1}},"line":21},"5":{"name":"(anonymous_5)","decl":{"start":{"line":22,"column":52},"end":{"line":22,"column":53}},"loc":{"start":{"line":22,"column":71},"end":{"line":29,"column":5}},"line":22},"6":{"name":"(anonymous_6)","decl":{"start":{"line":29,"column":13},"end":{"line":29,"column":14}},"loc":{"start":{"line":29,"column":20},"end":{"line":29,"column":51}},"line":29}},"branchMap":{"0":{"loc":{"start":{"line":12,"column":8},"end":{"line":17,"column":9}},"type":"if","locations":[{"start":{"line":12,"column":8},"end":{"line":17,"column":9}},{"start":{"line":12,"column":8},"end":{"line":17,"column":9}}],"line":12},"1":{"loc":{"start":{"line":23,"column":8},"end":{"line":27,"column":9}},"type":"if","locations":[{"start":{"line":23,"column":8},"end":{"line":27,"column":9}},{"start":{"line":23,"column":8},"end":{"line":27,"column":9}}],"line":23}},"s":{"0":1,"1":1,"2":1,"3":1,"4":1,"5":1,"6":1,"7":1,"8":1,"9":1,"10":1,"11":1,"12":1,"13":0,"14":1,"15":0,"16":0,"17":1,"18":1,"19":1,"20":0,"21":1,"22":0,"23":1},"f":{"0":1,"1":1,"2":0,"3":0,"4":1,"5":1,"6":0},"b":{"0":[1,0],"1":[0,1]},"_coverageSchema":"1a1c01bbd47fc00a2c39e90264f33305004495a9","hash":"15362ff3eda18352c2d0e0c5d2070af6824dfe16"}
,"C:\\test\\b\\Controllers\\userController.js": {"path":"C:\\test\\b\\Controllers\\userController.js","statementMap":{"0":{"start":{"line":1,"column":12},"end":{"line":1,"column":30}},"1":{"start":{"line":2,"column":15},"end":{"line":2,"column":37}},"2":{"start":{"line":3,"column":12},"end":{"line":3,"column":43}},"3":{"start":{"line":4,"column":11},"end":{"line":4,"column":38}},"4":{"start":{"line":5,"column":8},"end":{"line":5,"column":31}},"5":{"start":{"line":6,"column":11},"end":{"line":6,"column":30}},"6":{"start":{"line":7,"column":11},"end":{"line":7,"column":27}},"7":{"start":{"line":8,"column":0},"end":{"line":8,"column":51}},"8":{"start":{"line":9,"column":0},"end":{"line":9,"column":30}},"9":{"start":{"line":11,"column":0},"end":{"line":27,"column":3}},"10":{"start":{"line":12,"column":82},"end":{"line":12,"column":90}},"11":{"start":{"line":13,"column":18},"end":{"line":13,"column":188}},"12":{"start":{"line":14,"column":4},"end":{"line":26,"column":53}},"13":{"start":{"line":15,"column":8},"end":{"line":25,"column":9}},"14":{"start":{"line":16,"column":12},"end":{"line":16,"column":58}},"15":{"start":{"line":18,"column":12},"end":{"line":24,"column":58}},"16":{"start":{"line":19,"column":16},"end":{"line":23,"column":16}},"17":{"start":{"line":20,"column":19},"end":{"line":20,"column":43}},"18":{"start":{"line":22,"column":19},"end":{"line":22,"column":45}},"19":{"start":{"line":24,"column":25},"end":{"line":24,"column":56}},"20":{"start":{"line":26,"column":20},"end":{"line":26,"column":51}},"21":{"start":{"line":29,"column":0},"end":{"line":46,"column":3}},"22":{"start":{"line":30,"column":5},"end":{"line":45,"column":70}},"23":{"start":{"line":31,"column":9},"end":{"line":43,"column":9}},"24":{"start":{"line":32,"column":16},"end":{"line":40,"column":17}},"25":{"start":{"line":33,"column":32},"end":{"line":35,"column":22}},"26":{"start":{"line":36,"column":20},"end":{"line":36,"column":70}},"27":{"start":{"line":39,"column":19},"end":{"line":39,"column":82}},"28":{"start":{"line":42,"column":15},"end":{"line":42,"column":61}},"29":{"start":{"line":45,"column":20},"end":{"line":45,"column":68}},"30":{"start":{"line":47,"column":0},"end":{"line":53,"column":3}},"31":{"start":{"line":48,"column":4},"end":{"line":52,"column":7}},"32":{"start":{"line":49,"column":12},"end":{"line":49,"column":29}},"33":{"start":{"line":51,"column":8},"end":{"line":51,"column":22}},"34":{"start":{"line":56,"column":0},"end":{"line":56,"column":22}}},"fnMap":{"0":{"name":"(anonymous_0)","decl":{"start":{"line":11,"column":20},"end":{"line":11,"column":21}},"loc":{"start":{"line":11,"column":31},"end":{"line":27,"column":1}},"line":11},"1":{"name":"(anonymous_1)","decl":{"start":{"line":14,"column":46},"end":{"line":14,"column":47}},"loc":{"start":{"line":14,"column":54},"end":{"line":26,"column":5}},"line":14},"2":{"name":"(anonymous_2)","decl":{"start":{"line":18,"column":32},"end":{"line":18,"column":33}},"loc":{"start":{"line":18,"column":42},"end":{"line":24,"column":12}},"line":18},"3":{"name":"(anonymous_3)","decl":{"start":{"line":24,"column":20},"end":{"line":24,"column":21}},"loc":{"start":{"line":24,"column":25},"end":{"line":24,"column":56}},"line":24},"4":{"name":"(anonymous_4)","decl":{"start":{"line":26,"column":13},"end":{"line":26,"column":14}},"loc":{"start":{"line":26,"column":20},"end":{"line":26,"column":51}},"line":26},"5":{"name":"(anonymous_5)","decl":{"start":{"line":29,"column":21},"end":{"line":29,"column":22}},"loc":{"start":{"line":29,"column":32},"end":{"line":46,"column":1}},"line":29},"6":{"name":"(anonymous_6)","decl":{"start":{"line":30,"column":63},"end":{"line":30,"column":64}},"loc":{"start":{"line":30,"column":71},"end":{"line":45,"column":5}},"line":30},"7":{"name":"(anonymous_7)","decl":{"start":{"line":45,"column":13},"end":{"line":45,"column":14}},"loc":{"start":{"line":45,"column":20},"end":{"line":45,"column":68}},"line":45},"8":{"name":"(anonymous_8)","decl":{"start":{"line":47,"column":28},"end":{"line":47,"column":29}},"loc":{"start":{"line":47,"column":39},"end":{"line":53,"column":1}},"line":47},"9":{"name":"(anonymous_9)","decl":{"start":{"line":48,"column":50},"end":{"line":48,"column":51}},"loc":{"start":{"line":48,"column":60},"end":{"line":50,"column":5}},"line":48},"10":{"name":"(anonymous_10)","decl":{"start":{"line":50,"column":13},"end":{"line":50,"column":14}},"loc":{"start":{"line":50,"column":20},"end":{"line":52,"column":5}},"line":50}},"branchMap":{"0":{"loc":{"start":{"line":15,"column":8},"end":{"line":25,"column":9}},"type":"if","locations":[{"start":{"line":15,"column":8},"end":{"line":25,"column":9}},{"start":{"line":15,"column":8},"end":{"line":25,"column":9}}],"line":15},"1":{"loc":{"start":{"line":19,"column":16},"end":{"line":23,"column":16}},"type":"if","locations":[{"start":{"line":19,"column":16},"end":{"line":23,"column":16}},{"start":{"line":19,"column":16},"end":{"line":23,"column":16}}],"line":19},"2":{"loc":{"start":{"line":31,"column":9},"end":{"line":43,"column":9}},"type":"if","locations":[{"start":{"line":31,"column":9},"end":{"line":43,"column":9}},{"start":{"line":31,"column":9},"end":{"line":43,"column":9}}],"line":31},"3":{"loc":{"start":{"line":32,"column":16},"end":{"line":40,"column":17}},"type":"if","locations":[{"start":{"line":32,"column":16},"end":{"line":40,"column":17}},{"start":{"line":32,"column":16},"end":{"line":40,"column":17}}],"line":32}},"s":{"0":1,"1":1,"2":1,"3":1,"4":1,"5":1,"6":1,"7":1,"8":1,"9":1,"10":2,"11":2,"12":2,"13":2,"14":1,"15":1,"16":1,"17":1,"18":0,"19":0,"20":0,"21":1,"22":2,"23":2,"24":2,"25":1,"26":1,"27":1,"28":0,"29":0,"30":1,"31":1,"32":1,"33":0,"34":1},"f":{"0":2,"1":2,"2":1,"3":0,"4":0,"5":2,"6":2,"7":0,"8":1,"9":1,"10":0},"b":{"0":[1,1],"1":[1,0],"2":[2,0],"3":[1,1]},"_coverageSchema":"1a1c01bbd47fc00a2c39e90264f33305004495a9","hash":"6541f89af73a120550471562fafa8d8a515117eb"}
,"C:\\test\\b\\Models\\author.js": {"path":"C:\\test\\b\\Models\\author.js","statementMap":{"0":{"start":{"line":1,"column":13},"end":{"line":1,"column":32}},"1":{"start":{"line":2,"column":0},"end":{"line":7,"column":4}}},"fnMap":{},"branchMap":{},"s":{"0":1,"1":1},"f":{},"b":{},"_coverageSchema":"1a1c01bbd47fc00a2c39e90264f33305004495a9","hash":"17e03a6ba5bf9cd09f5add22fc2ce67fef0b4354"}
,"C:\\test\\b\\Models\\book.js": {"path":"C:\\test\\b\\Models\\book.js","statementMap":{"0":{"start":{"line":1,"column":13},"end":{"line":1,"column":32}},"1":{"start":{"line":2,"column":11},"end":{"line":2,"column":26}},"2":{"start":{"line":3,"column":15},"end":{"line":11,"column":2}},"3":{"start":{"line":12,"column":10},"end":{"line":12,"column":44}},"4":{"start":{"line":13,"column":0},"end":{"line":13,"column":21}}},"fnMap":{},"branchMap":{},"s":{"0":1,"1":1,"2":1,"3":1,"4":1},"f":{},"b":{},"_coverageSchema":"1a1c01bbd47fc00a2c39e90264f33305004495a9","hash":"ac359624b303438b223ba759f5eabfe7cb54a561"}
,"C:\\test\\b\\Models\\category.js": {"path":"C:\\test\\b\\Models\\category.js","statementMap":{"0":{"start":{"line":1,"column":13},"end":{"line":1,"column":32}},"1":{"start":{"line":2,"column":0},"end":{"line":4,"column":4}}},"fnMap":{},"branchMap":{},"s":{"0":1,"1":1},"f":{},"b":{},"_coverageSchema":"1a1c01bbd47fc00a2c39e90264f33305004495a9","hash":"d0b8e29e6ca3e6465ca8b16b7a6ccd1a213a690b"}
,"C:\\test\\b\\Models\\orders.js": {"path":"C:\\test\\b\\Models\\orders.js","statementMap":{"0":{"start":{"line":1,"column":13},"end":{"line":1,"column":32}},"1":{"start":{"line":2,"column":0},"end":{"line":6,"column":4}}},"fnMap":{},"branchMap":{},"s":{"0":1,"1":1},"f":{},"b":{},"_coverageSchema":"1a1c01bbd47fc00a2c39e90264f33305004495a9","hash":"3b3cda8a15a3beb55475ced2d6d7a8112293a64d"}
,"C:\\test\\b\\Models\\shoppingCart.js": {"path":"C:\\test\\b\\Models\\shoppingCart.js","statementMap":{"0":{"start":{"line":1,"column":13},"end":{"line":1,"column":32}},"1":{"start":{"line":2,"column":9},"end":{"line":7,"column":3}},"2":{"start":{"line":8,"column":0},"end":{"line":8,"column":20}}},"fnMap":{},"branchMap":{},"s":{"0":1,"1":1,"2":1},"f":{},"b":{},"_coverageSchema":"1a1c01bbd47fc00a2c39e90264f33305004495a9","hash":"3408ee33aaf334eec11e911be7fc27ba8c9d8a08"}
,"C:\\test\\b\\Models\\userReg.js": {"path":"C:\\test\\b\\Models\\userReg.js","statementMap":{"0":{"start":{"line":1,"column":13},"end":{"line":1,"column":32}},"1":{"start":{"line":2,"column":11},"end":{"line":2,"column":26}},"2":{"start":{"line":3,"column":18},"end":{"line":13,"column":2}},"3":{"start":{"line":14,"column":12},"end":{"line":14,"column":51}},"4":{"start":{"line":15,"column":0},"end":{"line":15,"column":23}}},"fnMap":{},"branchMap":{},"s":{"0":1,"1":1,"2":1,"3":1,"4":1},"f":{},"b":{},"_coverageSchema":"1a1c01bbd47fc00a2c39e90264f33305004495a9","hash":"f3e7018878301eb7ec9b3bcd141277b3d0d72924"}
}
