TN:
SF:app.js
FN:25,(anonymous_0)
FN:27,(anonymous_1)
FNF:2
FNH:2
FNDA:1,(anonymous_0)
FNDA:1,(anonymous_1)
DA:1,1
DA:2,1
DA:3,1
DA:4,1
DA:6,1
DA:7,1
DA:9,1
DA:10,1
DA:11,1
DA:12,1
DA:13,1
DA:14,1
DA:16,1
DA:17,1
DA:19,1
DA:20,1
DA:21,1
DA:22,1
DA:23,1
DA:24,1
DA:25,1
DA:26,1
DA:27,1
DA:28,1
DA:32,1
LF:25
LH:25
BRF:0
BRH:0
end_of_record
TN:
SF:Config\index.js
FN:3,(anonymous_0)
FNF:1
FNH:1
FNDA:1,(anonymous_0)
DA:1,1
DA:2,1
DA:4,1
LF:3
LH:3
BRF:0
BRH:0
end_of_record
TN:
SF:Config\secret.js
FNF:0
FNH:0
DA:1,1
LF:1
LH:1
BRF:0
BRH:0
end_of_record
TN:
SF:Controllers\bookController.js
FN:12,(anonymous_0)
FN:15,(anonymous_1)
FN:19,(anonymous_2)
FN:31,(anonymous_3)
FN:32,(anonymous_4)
FN:38,(anonymous_5)
FN:41,(anonymous_6)
FN:42,(anonymous_7)
FN:50,(anonymous_8)
FN:51,(anonymous_9)
FN:57,(anonymous_10)
FN:61,(anonymous_11)
FN:62,(anonymous_12)
FN:68,(anonymous_13)
FN:72,(anonymous_14)
FN:73,(anonymous_15)
FN:79,(anonymous_16)
FN:83,(anonymous_17)
FN:94,(anonymous_18)
FN:100,(anonymous_19)
FN:102,(anonymous_20)
FN:103,(anonymous_21)
FN:104,(anonymous_22)
FN:113,(anonymous_23)
FN:115,(anonymous_24)
FN:116,(anonymous_25)
FN:121,(anonymous_26)
FN:127,(anonymous_27)
FN:132,(anonymous_28)
FN:133,(anonymous_29)
FN:139,(anonymous_30)
FN:141,(anonymous_31)
FN:142,(anonymous_32)
FN:144,(anonymous_33)
FN:146,(anonymous_34)
FN:147,(anonymous_35)
FN:152,(anonymous_36)
FN:158,(anonymous_37)
FN:164,(anonymous_38)
FN:165,(anonymous_39)
FN:171,(anonymous_40)
FN:173,(anonymous_41)
FN:174,(anonymous_42)
FN:176,(anonymous_43)
FNF:44
FNH:32
FNDA:0,(anonymous_0)
FNDA:0,(anonymous_1)
FNDA:0,(anonymous_2)
FNDA:1,(anonymous_3)
FNDA:1,(anonymous_4)
FNDA:0,(anonymous_5)
FNDA:1,(anonymous_6)
FNDA:1,(anonymous_7)
FNDA:2,(anonymous_8)
FNDA:1,(anonymous_9)
FNDA:1,(anonymous_10)
FNDA:2,(anonymous_11)
FNDA:2,(anonymous_12)
FNDA:0,(anonymous_13)
FNDA:1,(anonymous_14)
FNDA:1,(anonymous_15)
FNDA:0,(anonymous_16)
FNDA:1,(anonymous_17)
FNDA:0,(anonymous_18)
FNDA:0,(anonymous_19)
FNDA:1,(anonymous_20)
FNDA:1,(anonymous_21)
FNDA:0,(anonymous_22)
FNDA:1,(anonymous_23)
FNDA:3,(anonymous_24)
FNDA:3,(anonymous_25)
FNDA:1,(anonymous_26)
FNDA:0,(anonymous_27)
FNDA:1,(anonymous_28)
FNDA:1,(anonymous_29)
FNDA:0,(anonymous_30)
FNDA:2,(anonymous_31)
FNDA:1,(anonymous_32)
FNDA:1,(anonymous_33)
FNDA:3,(anonymous_34)
FNDA:3,(anonymous_35)
FNDA:1,(anonymous_36)
FNDA:1,(anonymous_37)
FNDA:1,(anonymous_38)
FNDA:1,(anonymous_39)
FNDA:0,(anonymous_40)
FNDA:2,(anonymous_41)
FNDA:1,(anonymous_42)
FNDA:1,(anonymous_43)
DA:1,1
DA:2,1
DA:3,1
DA:4,1
DA:5,1
DA:6,1
DA:7,1
DA:8,1
DA:9,1
DA:10,1
DA:11,1
DA:13,0
DA:16,0
DA:19,1
DA:20,0
DA:21,0
DA:23,0
DA:26,1
DA:31,1
DA:32,1
DA:33,1
DA:34,1
DA:36,0
DA:38,0
DA:41,1
DA:42,1
DA:43,1
DA:44,1
DA:46,0
DA:50,1
DA:51,2
DA:52,1
DA:53,1
DA:55,0
DA:57,1
DA:61,1
DA:62,2
DA:63,2
DA:64,0
DA:66,2
DA:68,0
DA:72,1
DA:73,1
DA:74,1
DA:75,0
DA:77,1
DA:79,0
DA:83,1
DA:84,1
DA:94,0
DA:95,0
DA:96,0
DA:98,0
DA:100,0
DA:102,1
DA:103,1
DA:104,1
DA:105,0
DA:106,0
DA:108,0
DA:113,1
DA:115,1
DA:116,3
DA:117,3
DA:118,2
DA:120,1
DA:121,1
DA:122,1
DA:123,1
DA:125,0
DA:127,0
DA:132,1
DA:133,1
DA:134,1
DA:135,1
DA:137,0
DA:139,0
DA:141,1
DA:142,2
DA:143,1
DA:144,1
DA:146,1
DA:147,3
DA:148,3
DA:149,1
DA:151,2
DA:152,2
DA:153,1
DA:154,1
DA:156,0
DA:158,1
DA:164,1
DA:165,1
DA:166,1
DA:167,1
DA:169,0
DA:171,0
DA:173,1
DA:174,2
DA:175,1
DA:176,1
DA:181,1
LF:102
LH:74
BRDA:20,0,0,0
BRDA:20,0,1,0
BRDA:20,1,0,0
BRDA:20,1,1,0
BRDA:20,1,2,0
BRDA:20,1,3,0
BRDA:33,2,0,1
BRDA:33,2,1,0
BRDA:43,3,0,1
BRDA:43,3,1,0
BRDA:52,4,0,1
BRDA:52,4,1,0
BRDA:63,5,0,0
BRDA:63,5,1,2
BRDA:74,6,0,0
BRDA:74,6,1,1
BRDA:95,7,0,0
BRDA:95,7,1,0
BRDA:105,8,0,0
BRDA:105,8,1,0
BRDA:117,9,0,2
BRDA:117,9,1,1
BRDA:122,10,0,1
BRDA:122,10,1,0
BRDA:134,11,0,1
BRDA:134,11,1,0
BRDA:148,12,0,1
BRDA:148,12,1,2
BRDA:153,13,0,1
BRDA:153,13,1,0
BRDA:166,14,0,1
BRDA:166,14,1,0
BRF:32
BRH:13
end_of_record
TN:
SF:Controllers\ordersController.js
FN:8,(anonymous_0)
FN:11,(anonymous_1)
FN:13,(anonymous_2)
FN:18,(anonymous_3)
FN:21,(anonymous_4)
FN:22,(anonymous_5)
FN:29,(anonymous_6)
FNF:7
FNH:4
FNDA:1,(anonymous_0)
FNDA:1,(anonymous_1)
FNDA:0,(anonymous_2)
FNDA:0,(anonymous_3)
FNDA:1,(anonymous_4)
FNDA:1,(anonymous_5)
FNDA:0,(anonymous_6)
DA:1,1
DA:2,1
DA:3,1
DA:4,1
DA:5,1
DA:6,1
DA:7,1
DA:8,1
DA:9,1
DA:10,1
DA:11,1
DA:12,1
DA:13,1
DA:14,1
DA:16,0
DA:18,0
DA:21,1
DA:22,1
DA:23,1
DA:24,0
DA:26,1
DA:29,0
DA:31,1
LF:23
LH:19
BRDA:12,0,0,1
BRDA:12,0,1,0
BRDA:23,1,0,0
BRDA:23,1,1,1
BRF:4
BRH:2
end_of_record
TN:
SF:Controllers\userController.js
FN:11,(anonymous_0)
FN:14,(anonymous_1)
FN:18,(anonymous_2)
FN:24,(anonymous_3)
FN:26,(anonymous_4)
FN:29,(anonymous_5)
FN:30,(anonymous_6)
FN:45,(anonymous_7)
FN:47,(anonymous_8)
FN:48,(anonymous_9)
FN:50,(anonymous_10)
FNF:11
FNH:7
FNDA:2,(anonymous_0)
FNDA:2,(anonymous_1)
FNDA:1,(anonymous_2)
FNDA:0,(anonymous_3)
FNDA:0,(anonymous_4)
FNDA:2,(anonymous_5)
FNDA:2,(anonymous_6)
FNDA:0,(anonymous_7)
FNDA:1,(anonymous_8)
FNDA:1,(anonymous_9)
FNDA:0,(anonymous_10)
DA:1,1
DA:2,1
DA:3,1
DA:4,1
DA:5,1
DA:6,1
DA:7,1
DA:8,1
DA:9,1
DA:11,1
DA:12,2
DA:13,2
DA:14,2
DA:15,2
DA:16,1
DA:18,1
DA:19,1
DA:20,1
DA:22,0
DA:24,0
DA:26,0
DA:29,1
DA:30,2
DA:31,2
DA:32,2
DA:33,1
DA:36,1
DA:39,1
DA:42,0
DA:45,0
DA:47,1
DA:48,1
DA:49,1
DA:51,0
DA:56,1
LF:35
LH:29
BRDA:15,0,0,1
BRDA:15,0,1,1
BRDA:19,1,0,1
BRDA:19,1,1,0
BRDA:31,2,0,2
BRDA:31,2,1,0
BRDA:32,3,0,1
BRDA:32,3,1,1
BRF:8
BRH:6
end_of_record
TN:
SF:Models\author.js
FNF:0
FNH:0
DA:1,1
DA:2,1
LF:2
LH:2
BRF:0
BRH:0
end_of_record
TN:
SF:Models\book.js
FNF:0
FNH:0
DA:1,1
DA:2,1
DA:3,1
DA:12,1
DA:13,1
LF:5
LH:5
BRF:0
BRH:0
end_of_record
TN:
SF:Models\category.js
FNF:0
FNH:0
DA:1,1
DA:2,1
LF:2
LH:2
BRF:0
BRH:0
end_of_record
TN:
SF:Models\orders.js
FNF:0
FNH:0
DA:1,1
DA:2,1
LF:2
LH:2
BRF:0
BRH:0
end_of_record
TN:
SF:Models\shoppingCart.js
FNF:0
FNH:0
DA:1,1
DA:2,1
DA:8,1
LF:3
LH:3
BRF:0
BRH:0
end_of_record
TN:
SF:Models\userReg.js
FNF:0
FNH:0
DA:1,1
DA:2,1
DA:3,1
DA:14,1
DA:15,1
LF:5
LH:5
BRF:0
BRH:0
end_of_record
